-------------------------------------------------------------------------------
Test set: com.banco.digital.application.service.TransferenciaServiceTest$ValidacoesNegocio
-------------------------------------------------------------------------------
Tests run: 5, Failures: 0, Errors: 1, Skipped: 0, Time elapsed: 0.104 s <<< FAILURE! -- in com.banco.digital.application.service.TransferenciaServiceTest$ValidacoesNegocio
com.banco.digital.application.service.TransferenciaServiceTest$ValidacoesNegocio.deveLancarExcecaoQuandoSaldoInsuficiente -- Time elapsed: 0.010 s <<< ERROR!
org.mockito.exceptions.misusing.UnnecessaryStubbingException: 

Unnecessary stubbings detected.
Clean & maintainable test code requires zero unnecessary code.
Following stubbings are unnecessary (click to navigate to relevant line of code):
  1. -> at com.banco.digital.application.service.TransferenciaServiceTest$ValidacoesNegocio.deveLancarExcecaoQuandoSaldoInsuficiente(TransferenciaServiceTest.java:163)
Please remove unnecessary stubbings or use 'lenient' strictness. More info: javadoc for UnnecessaryStubbingException class.
	at org.mockito.junit.jupiter.MockitoExtension.afterEach(MockitoExtension.java:197)
	at java.base/java.util.ArrayList.forEach(ArrayList.java:1597)
	at java.base/java.util.ArrayList.forEach(ArrayList.java:1597)
	at java.base/java.util.ArrayList.forEach(ArrayList.java:1597)

